2024-08-05 22:07:29 INFO  c.s.s.StudentCrudApplication - Starting StudentCrudApplication using Java 21.0.2 with PID 67395 (/Users/shantanumapari/Tutorials/Spring Tutorial/new-spring/student-crud/target/classes started by shantanumapari in /Users/shantanumapari/Tutorials/Spring Tutorial/new-spring/student-crud)
2024-08-05 22:07:29 DEBUG c.s.s.StudentCrudApplication - Running with Spring Boot v3.3.2, Spring v6.1.11
2024-08-05 22:07:29 INFO  c.s.s.StudentCrudApplication - No active profile set, falling back to 1 default profile: "default"
2024-08-05 22:07:30 INFO  o.a.coyote.http11.Http11NioProtocol - Initializing ProtocolHandler ["http-nio-8080"]
2024-08-05 22:07:30 INFO  o.a.catalina.core.StandardService - Starting service [Tomcat]
2024-08-05 22:07:30 INFO  o.a.catalina.core.StandardEngine - Starting Servlet engine: [Apache Tomcat/10.1.26]
2024-08-05 22:07:30 INFO  o.a.c.c.C.[Tomcat].[localhost].[/] - Initializing Spring embedded WebApplicationContext
2024-08-05 22:07:31 INFO  o.a.coyote.http11.Http11NioProtocol - Starting ProtocolHandler ["http-nio-8080"]
2024-08-05 22:07:31 ERROR o.s.b.d.LoggingFailureAnalysisReporter - 

***************************
APPLICATION FAILED TO START
***************************

Description:

Web server failed to start. Port 8080 was already in use.

Action:

Identify and stop the process that's listening on port 8080 or configure this application to listen on another port.

2024-08-05 22:07:51 INFO  c.s.s.StudentCrudApplication - Starting StudentCrudApplication using Java 21.0.2 with PID 67409 (/Users/shantanumapari/Tutorials/Spring Tutorial/new-spring/student-crud/target/classes started by shantanumapari in /Users/shantanumapari/Tutorials/Spring Tutorial/new-spring/student-crud)
2024-08-05 22:07:51 DEBUG c.s.s.StudentCrudApplication - Running with Spring Boot v3.3.2, Spring v6.1.11
2024-08-05 22:07:51 INFO  c.s.s.StudentCrudApplication - No active profile set, falling back to 1 default profile: "default"
2024-08-05 22:07:52 INFO  o.a.coyote.http11.Http11NioProtocol - Initializing ProtocolHandler ["http-nio-8080"]
2024-08-05 22:07:52 INFO  o.a.catalina.core.StandardService - Starting service [Tomcat]
2024-08-05 22:07:52 INFO  o.a.catalina.core.StandardEngine - Starting Servlet engine: [Apache Tomcat/10.1.26]
2024-08-05 22:07:52 INFO  o.a.c.c.C.[Tomcat].[localhost].[/] - Initializing Spring embedded WebApplicationContext
2024-08-05 22:07:53 INFO  o.a.coyote.http11.Http11NioProtocol - Starting ProtocolHandler ["http-nio-8080"]
2024-08-05 22:07:53 INFO  c.s.s.StudentCrudApplication - Started StudentCrudApplication in 1.801 seconds (process running for 2.009)
2024-08-05 22:26:54 INFO  o.a.c.c.C.[Tomcat].[localhost].[/] - Initializing Spring DispatcherServlet 'dispatcherServlet'
2024-08-05 22:31:00 INFO  c.s.s.StudentCrudApplication - Starting StudentCrudApplication using Java 21.0.2 with PID 67933 (/Users/shantanumapari/Tutorials/Spring Tutorial/new-spring/student-crud/target/classes started by shantanumapari in /Users/shantanumapari/Tutorials/Spring Tutorial/new-spring/student-crud)
2024-08-05 22:31:00 DEBUG c.s.s.StudentCrudApplication - Running with Spring Boot v3.3.2, Spring v6.1.11
2024-08-05 22:31:00 INFO  c.s.s.StudentCrudApplication - No active profile set, falling back to 1 default profile: "default"
2024-08-05 22:31:01 INFO  o.a.coyote.http11.Http11NioProtocol - Initializing ProtocolHandler ["http-nio-8080"]
2024-08-05 22:31:01 INFO  o.a.catalina.core.StandardService - Starting service [Tomcat]
2024-08-05 22:31:01 INFO  o.a.catalina.core.StandardEngine - Starting Servlet engine: [Apache Tomcat/10.1.26]
2024-08-05 22:31:01 INFO  o.a.c.c.C.[Tomcat].[localhost].[/] - Initializing Spring embedded WebApplicationContext
2024-08-05 22:31:02 ERROR o.s.o.j.LocalContainerEntityManagerFactoryBean - Failed to initialize JPA EntityManagerFactory: Could not determine recommended JdbcType for Java type 'com.fasterxml.jackson.databind.JsonNode'
2024-08-05 22:31:02 INFO  o.a.catalina.core.StandardService - Stopping service [Tomcat]
2024-08-05 22:31:02 ERROR o.s.boot.SpringApplication - Application run failed
org.springframework.beans.factory.BeanCreationException: Error creating bean with name 'entityManagerFactory' defined in class path resource [org/springframework/boot/autoconfigure/orm/jpa/HibernateJpaConfiguration.class]: Could not determine recommended JdbcType for Java type 'com.fasterxml.jackson.databind.JsonNode'
	at org.springframework.beans.factory.support.AbstractAutowireCapableBeanFactory.initializeBean(AbstractAutowireCapableBeanFactory.java:1806)
	at org.springframework.beans.factory.support.AbstractAutowireCapableBeanFactory.doCreateBean(AbstractAutowireCapableBeanFactory.java:600)
	at org.springframework.beans.factory.support.AbstractAutowireCapableBeanFactory.createBean(AbstractAutowireCapableBeanFactory.java:522)
	at org.springframework.beans.factory.support.AbstractBeanFactory.lambda$doGetBean$0(AbstractBeanFactory.java:337)
	at org.springframework.beans.factory.support.DefaultSingletonBeanRegistry.getSingleton(DefaultSingletonBeanRegistry.java:234)
	at org.springframework.beans.factory.support.AbstractBeanFactory.doGetBean(AbstractBeanFactory.java:335)
	at org.springframework.beans.factory.support.AbstractBeanFactory.getBean(AbstractBeanFactory.java:205)
	at org.springframework.context.support.AbstractApplicationContext.finishBeanFactoryInitialization(AbstractApplicationContext.java:954)
	at org.springframework.context.support.AbstractApplicationContext.refresh(AbstractApplicationContext.java:625)
	at org.springframework.boot.web.servlet.context.ServletWebServerApplicationContext.refresh(ServletWebServerApplicationContext.java:146)
	at org.springframework.boot.SpringApplication.refresh(SpringApplication.java:754)
	at org.springframework.boot.SpringApplication.refreshContext(SpringApplication.java:456)
	at org.springframework.boot.SpringApplication.run(SpringApplication.java:335)
	at org.springframework.boot.SpringApplication.run(SpringApplication.java:1363)
	at org.springframework.boot.SpringApplication.run(SpringApplication.java:1352)
	at com.shantanu.student_crud.StudentCrudApplication.main(StudentCrudApplication.java:10)
Caused by: org.hibernate.type.descriptor.java.spi.JdbcTypeRecommendationException: Could not determine recommended JdbcType for Java type 'com.fasterxml.jackson.databind.JsonNode'
	at org.hibernate.type.descriptor.java.spi.UnknownBasicJavaType.getRecommendedJdbcType(UnknownBasicJavaType.java:50)
	at org.hibernate.boot.model.process.internal.InferredBasicValueResolver.from(InferredBasicValueResolver.java:195)
	at org.hibernate.mapping.BasicValue.resolution(BasicValue.java:647)
	at org.hibernate.mapping.BasicValue.buildResolution(BasicValue.java:498)
	at org.hibernate.mapping.BasicValue.resolve(BasicValue.java:350)
	at org.hibernate.mapping.BasicValue.resolve(BasicValue.java:340)
	at org.hibernate.boot.internal.InFlightMetadataCollectorImpl.lambda$processValueResolvers$4(InFlightMetadataCollectorImpl.java:1796)
	at java.base/java.util.ArrayList.removeIf(ArrayList.java:1765)
	at java.base/java.util.ArrayList.removeIf(ArrayList.java:1743)
	at org.hibernate.boot.internal.InFlightMetadataCollectorImpl.processValueResolvers(InFlightMetadataCollectorImpl.java:1795)
	at org.hibernate.boot.internal.InFlightMetadataCollectorImpl.processSecondPasses(InFlightMetadataCollectorImpl.java:1781)
	at org.hibernate.boot.model.process.spi.MetadataBuildingProcess.complete(MetadataBuildingProcess.java:334)
	at org.hibernate.jpa.boot.internal.EntityManagerFactoryBuilderImpl.metadata(EntityManagerFactoryBuilderImpl.java:1431)
	at org.hibernate.jpa.boot.internal.EntityManagerFactoryBuilderImpl.build(EntityManagerFactoryBuilderImpl.java:1502)
	at org.springframework.orm.jpa.vendor.SpringHibernateJpaPersistenceProvider.createContainerEntityManagerFactory(SpringHibernateJpaPersistenceProvider.java:75)
	at org.springframework.orm.jpa.LocalContainerEntityManagerFactoryBean.createNativeEntityManagerFactory(LocalContainerEntityManagerFactoryBean.java:390)
	at org.springframework.orm.jpa.AbstractEntityManagerFactoryBean.buildNativeEntityManagerFactory(AbstractEntityManagerFactoryBean.java:409)
	at org.springframework.orm.jpa.AbstractEntityManagerFactoryBean.afterPropertiesSet(AbstractEntityManagerFactoryBean.java:396)
	at org.springframework.orm.jpa.LocalContainerEntityManagerFactoryBean.afterPropertiesSet(LocalContainerEntityManagerFactoryBean.java:366)
	at org.springframework.beans.factory.support.AbstractAutowireCapableBeanFactory.invokeInitMethods(AbstractAutowireCapableBeanFactory.java:1853)
	at org.springframework.beans.factory.support.AbstractAutowireCapableBeanFactory.initializeBean(AbstractAutowireCapableBeanFactory.java:1802)
	... 15 common frames omitted
2024-08-05 22:35:16 INFO  c.s.s.StudentCrudApplication - Starting StudentCrudApplication using Java 21.0.2 with PID 68041 (/Users/shantanumapari/Tutorials/Spring Tutorial/new-spring/student-crud/target/classes started by shantanumapari in /Users/shantanumapari/Tutorials/Spring Tutorial/new-spring/student-crud)
2024-08-05 22:35:16 DEBUG c.s.s.StudentCrudApplication - Running with Spring Boot v3.3.2, Spring v6.1.11
2024-08-05 22:35:16 INFO  c.s.s.StudentCrudApplication - No active profile set, falling back to 1 default profile: "default"
2024-08-05 22:35:16 INFO  o.a.coyote.http11.Http11NioProtocol - Initializing ProtocolHandler ["http-nio-8080"]
2024-08-05 22:35:16 INFO  o.a.catalina.core.StandardService - Starting service [Tomcat]
2024-08-05 22:35:16 INFO  o.a.catalina.core.StandardEngine - Starting Servlet engine: [Apache Tomcat/10.1.26]
2024-08-05 22:35:16 INFO  o.a.c.c.C.[Tomcat].[localhost].[/] - Initializing Spring embedded WebApplicationContext
2024-08-05 22:35:17 INFO  o.a.coyote.http11.Http11NioProtocol - Starting ProtocolHandler ["http-nio-8080"]
2024-08-05 22:35:17 INFO  c.s.s.StudentCrudApplication - Started StudentCrudApplication in 1.947 seconds (process running for 2.159)
2024-08-05 22:35:25 INFO  o.a.c.c.C.[Tomcat].[localhost].[/] - Initializing Spring DispatcherServlet 'dispatcherServlet'
2024-08-05 22:55:47 INFO  c.s.s.StudentCrudApplication - Starting StudentCrudApplication using Java 21.0.2 with PID 68629 (/Users/shantanumapari/Tutorials/Spring Tutorial/new-spring/student-crud/target/classes started by shantanumapari in /Users/shantanumapari/Tutorials/Spring Tutorial/new-spring/student-crud)
2024-08-05 22:55:47 DEBUG c.s.s.StudentCrudApplication - Running with Spring Boot v3.3.2, Spring v6.1.11
2024-08-05 22:55:47 INFO  c.s.s.StudentCrudApplication - No active profile set, falling back to 1 default profile: "default"
2024-08-05 22:55:48 INFO  o.a.coyote.http11.Http11NioProtocol - Initializing ProtocolHandler ["http-nio-8080"]
2024-08-05 22:55:48 INFO  o.a.catalina.core.StandardService - Starting service [Tomcat]
2024-08-05 22:55:48 INFO  o.a.catalina.core.StandardEngine - Starting Servlet engine: [Apache Tomcat/10.1.26]
2024-08-05 22:55:48 INFO  o.a.c.c.C.[Tomcat].[localhost].[/] - Initializing Spring embedded WebApplicationContext
2024-08-05 22:55:49 INFO  o.a.coyote.http11.Http11NioProtocol - Starting ProtocolHandler ["http-nio-8080"]
2024-08-05 22:55:49 INFO  c.s.s.StudentCrudApplication - Started StudentCrudApplication in 2.086 seconds (process running for 2.324)
2024-08-05 22:56:34 INFO  o.a.c.c.C.[Tomcat].[localhost].[/] - Initializing Spring DispatcherServlet 'dispatcherServlet'
2024-08-05 22:58:32 INFO  c.s.s.StudentCrudApplication - Starting StudentCrudApplication using Java 21.0.2 with PID 68670 (/Users/shantanumapari/Tutorials/Spring Tutorial/new-spring/student-crud/target/classes started by shantanumapari in /Users/shantanumapari/Tutorials/Spring Tutorial/new-spring/student-crud)
2024-08-05 22:58:32 DEBUG c.s.s.StudentCrudApplication - Running with Spring Boot v3.3.2, Spring v6.1.11
2024-08-05 22:58:32 INFO  c.s.s.StudentCrudApplication - No active profile set, falling back to 1 default profile: "default"
2024-08-05 22:58:33 INFO  o.a.coyote.http11.Http11NioProtocol - Initializing ProtocolHandler ["http-nio-8080"]
2024-08-05 22:58:33 INFO  o.a.catalina.core.StandardService - Starting service [Tomcat]
2024-08-05 22:58:33 INFO  o.a.catalina.core.StandardEngine - Starting Servlet engine: [Apache Tomcat/10.1.26]
2024-08-05 22:58:33 INFO  o.a.c.c.C.[Tomcat].[localhost].[/] - Initializing Spring embedded WebApplicationContext
2024-08-05 22:58:34 INFO  o.a.coyote.http11.Http11NioProtocol - Starting ProtocolHandler ["http-nio-8080"]
2024-08-05 22:58:34 INFO  c.s.s.StudentCrudApplication - Started StudentCrudApplication in 1.962 seconds (process running for 2.196)
2024-08-05 22:58:42 INFO  o.a.c.c.C.[Tomcat].[localhost].[/] - Initializing Spring DispatcherServlet 'dispatcherServlet'
2024-08-05 23:14:57 INFO  c.s.s.StudentCrudApplication - Starting StudentCrudApplication using Java 21.0.2 with PID 69034 (/Users/shantanumapari/Tutorials/Spring Tutorial/new-spring/student-crud/target/classes started by shantanumapari in /Users/shantanumapari/Tutorials/Spring Tutorial/new-spring/student-crud)
2024-08-05 23:14:57 DEBUG c.s.s.StudentCrudApplication - Running with Spring Boot v3.3.2, Spring v6.1.11
2024-08-05 23:14:57 INFO  c.s.s.StudentCrudApplication - No active profile set, falling back to 1 default profile: "default"
2024-08-05 23:14:57 INFO  o.a.coyote.http11.Http11NioProtocol - Initializing ProtocolHandler ["http-nio-8080"]
2024-08-05 23:14:57 INFO  o.a.catalina.core.StandardService - Starting service [Tomcat]
2024-08-05 23:14:57 INFO  o.a.catalina.core.StandardEngine - Starting Servlet engine: [Apache Tomcat/10.1.26]
2024-08-05 23:14:57 INFO  o.a.c.c.C.[Tomcat].[localhost].[/] - Initializing Spring embedded WebApplicationContext
2024-08-05 23:14:58 INFO  o.a.catalina.core.StandardService - Stopping service [Tomcat]
2024-08-05 23:14:58 ERROR o.s.boot.SpringApplication - Application run failed
org.springframework.beans.factory.UnsatisfiedDependencyException: Error creating bean with name 'datastoreFieldController': Unsatisfied dependency expressed through field 'datastoreFieldService': Error creating bean with name 'datastoreFieldService': Unsatisfied dependency expressed through field 'datastoreFieldRepository': Error creating bean with name 'datastoreFieldRepository' defined in com.shantanu.student_crud.repository.DatastoreFieldRepository defined in @EnableJpaRepositories declared on JpaRepositoriesRegistrar.EnableJpaRepositoriesConfiguration: This class [class com.shantanu.student_crud.entity.DatastoreField] does not define an IdClass
	at org.springframework.beans.factory.annotation.AutowiredAnnotationBeanPostProcessor$AutowiredFieldElement.resolveFieldValue(AutowiredAnnotationBeanPostProcessor.java:787)
	at org.springframework.beans.factory.annotation.AutowiredAnnotationBeanPostProcessor$AutowiredFieldElement.inject(AutowiredAnnotationBeanPostProcessor.java:767)
	at org.springframework.beans.factory.annotation.InjectionMetadata.inject(InjectionMetadata.java:145)
	at org.springframework.beans.factory.annotation.AutowiredAnnotationBeanPostProcessor.postProcessProperties(AutowiredAnnotationBeanPostProcessor.java:508)
	at org.springframework.beans.factory.support.AbstractAutowireCapableBeanFactory.populateBean(AbstractAutowireCapableBeanFactory.java:1439)
	at org.springframework.beans.factory.support.AbstractAutowireCapableBeanFactory.doCreateBean(AbstractAutowireCapableBeanFactory.java:599)
	at org.springframework.beans.factory.support.AbstractAutowireCapableBeanFactory.createBean(AbstractAutowireCapableBeanFactory.java:522)
	at org.springframework.beans.factory.support.AbstractBeanFactory.lambda$doGetBean$0(AbstractBeanFactory.java:337)
	at org.springframework.beans.factory.support.DefaultSingletonBeanRegistry.getSingleton(DefaultSingletonBeanRegistry.java:234)
	at org.springframework.beans.factory.support.AbstractBeanFactory.doGetBean(AbstractBeanFactory.java:335)
	at org.springframework.beans.factory.support.AbstractBeanFactory.getBean(AbstractBeanFactory.java:200)
	at org.springframework.beans.factory.support.DefaultListableBeanFactory.preInstantiateSingletons(DefaultListableBeanFactory.java:975)
	at org.springframework.context.support.AbstractApplicationContext.finishBeanFactoryInitialization(AbstractApplicationContext.java:971)
	at org.springframework.context.support.AbstractApplicationContext.refresh(AbstractApplicationContext.java:625)
	at org.springframework.boot.web.servlet.context.ServletWebServerApplicationContext.refresh(ServletWebServerApplicationContext.java:146)
	at org.springframework.boot.SpringApplication.refresh(SpringApplication.java:754)
	at org.springframework.boot.SpringApplication.refreshContext(SpringApplication.java:456)
	at org.springframework.boot.SpringApplication.run(SpringApplication.java:335)
	at org.springframework.boot.SpringApplication.run(SpringApplication.java:1363)
	at org.springframework.boot.SpringApplication.run(SpringApplication.java:1352)
	at com.shantanu.student_crud.StudentCrudApplication.main(StudentCrudApplication.java:10)
Caused by: org.springframework.beans.factory.UnsatisfiedDependencyException: Error creating bean with name 'datastoreFieldService': Unsatisfied dependency expressed through field 'datastoreFieldRepository': Error creating bean with name 'datastoreFieldRepository' defined in com.shantanu.student_crud.repository.DatastoreFieldRepository defined in @EnableJpaRepositories declared on JpaRepositoriesRegistrar.EnableJpaRepositoriesConfiguration: This class [class com.shantanu.student_crud.entity.DatastoreField] does not define an IdClass
	at org.springframework.beans.factory.annotation.AutowiredAnnotationBeanPostProcessor$AutowiredFieldElement.resolveFieldValue(AutowiredAnnotationBeanPostProcessor.java:787)
	at org.springframework.beans.factory.annotation.AutowiredAnnotationBeanPostProcessor$AutowiredFieldElement.inject(AutowiredAnnotationBeanPostProcessor.java:767)
	at org.springframework.beans.factory.annotation.InjectionMetadata.inject(InjectionMetadata.java:145)
	at org.springframework.beans.factory.annotation.AutowiredAnnotationBeanPostProcessor.postProcessProperties(AutowiredAnnotationBeanPostProcessor.java:508)
	at org.springframework.beans.factory.support.AbstractAutowireCapableBeanFactory.populateBean(AbstractAutowireCapableBeanFactory.java:1439)
	at org.springframework.beans.factory.support.AbstractAutowireCapableBeanFactory.doCreateBean(AbstractAutowireCapableBeanFactory.java:599)
	at org.springframework.beans.factory.support.AbstractAutowireCapableBeanFactory.createBean(AbstractAutowireCapableBeanFactory.java:522)
	at org.springframework.beans.factory.support.AbstractBeanFactory.lambda$doGetBean$0(AbstractBeanFactory.java:337)
	at org.springframework.beans.factory.support.DefaultSingletonBeanRegistry.getSingleton(DefaultSingletonBeanRegistry.java:234)
	at org.springframework.beans.factory.support.AbstractBeanFactory.doGetBean(AbstractBeanFactory.java:335)
	at org.springframework.beans.factory.support.AbstractBeanFactory.getBean(AbstractBeanFactory.java:200)
	at org.springframework.beans.factory.config.DependencyDescriptor.resolveCandidate(DependencyDescriptor.java:254)
	at org.springframework.beans.factory.support.DefaultListableBeanFactory.doResolveDependency(DefaultListableBeanFactory.java:1443)
	at org.springframework.beans.factory.support.DefaultListableBeanFactory.resolveDependency(DefaultListableBeanFactory.java:1353)
	at org.springframework.beans.factory.annotation.AutowiredAnnotationBeanPostProcessor$AutowiredFieldElement.resolveFieldValue(AutowiredAnnotationBeanPostProcessor.java:784)
	... 20 common frames omitted
Caused by: org.springframework.beans.factory.BeanCreationException: Error creating bean with name 'datastoreFieldRepository' defined in com.shantanu.student_crud.repository.DatastoreFieldRepository defined in @EnableJpaRepositories declared on JpaRepositoriesRegistrar.EnableJpaRepositoriesConfiguration: This class [class com.shantanu.student_crud.entity.DatastoreField] does not define an IdClass
	at org.springframework.beans.factory.support.AbstractAutowireCapableBeanFactory.initializeBean(AbstractAutowireCapableBeanFactory.java:1806)
	at org.springframework.beans.factory.support.AbstractAutowireCapableBeanFactory.doCreateBean(AbstractAutowireCapableBeanFactory.java:600)
	at org.springframework.beans.factory.support.AbstractAutowireCapableBeanFactory.createBean(AbstractAutowireCapableBeanFactory.java:522)
	at org.springframework.beans.factory.support.AbstractBeanFactory.lambda$doGetBean$0(AbstractBeanFactory.java:337)
	at org.springframework.beans.factory.support.DefaultSingletonBeanRegistry.getSingleton(DefaultSingletonBeanRegistry.java:234)
	at org.springframework.beans.factory.support.AbstractBeanFactory.doGetBean(AbstractBeanFactory.java:335)
	at org.springframework.beans.factory.support.AbstractBeanFactory.getBean(AbstractBeanFactory.java:200)
	at org.springframework.beans.factory.config.DependencyDescriptor.resolveCandidate(DependencyDescriptor.java:254)
	at org.springframework.beans.factory.support.DefaultListableBeanFactory.doResolveDependency(DefaultListableBeanFactory.java:1443)
	at org.springframework.beans.factory.support.DefaultListableBeanFactory.resolveDependency(DefaultListableBeanFactory.java:1353)
	at org.springframework.beans.factory.annotation.AutowiredAnnotationBeanPostProcessor$AutowiredFieldElement.resolveFieldValue(AutowiredAnnotationBeanPostProcessor.java:784)
	... 34 common frames omitted
Caused by: java.lang.IllegalArgumentException: This class [class com.shantanu.student_crud.entity.DatastoreField] does not define an IdClass
	at org.hibernate.metamodel.model.domain.AbstractIdentifiableType.getIdClassAttributes(AbstractIdentifiableType.java:214)
	at org.springframework.data.jpa.repository.support.JpaMetamodelEntityInformation$IdMetadata.<init>(JpaMetamodelEntityInformation.java:286)
	at org.springframework.data.jpa.repository.support.JpaMetamodelEntityInformation.<init>(JpaMetamodelEntityInformation.java:94)
	at org.springframework.data.jpa.repository.support.JpaEntityInformationSupport.getEntityInformation(JpaEntityInformationSupport.java:69)
	at org.springframework.data.jpa.repository.support.JpaRepositoryFactory.getEntityInformation(JpaRepositoryFactory.java:249)
	at org.springframework.data.jpa.repository.support.JpaRepositoryFactory.getTargetRepository(JpaRepositoryFactory.java:214)
	at org.springframework.data.jpa.repository.support.JpaRepositoryFactory.getTargetRepository(JpaRepositoryFactory.java:197)
	at org.springframework.data.jpa.repository.support.JpaRepositoryFactory.getTargetRepository(JpaRepositoryFactory.java:1)
	at org.springframework.data.repository.core.support.RepositoryFactorySupport.getRepository(RepositoryFactorySupport.java:317)
	at org.springframework.data.repository.core.support.RepositoryFactoryBeanSupport.lambda$afterPropertiesSet$5(RepositoryFactoryBeanSupport.java:286)
	at org.springframework.data.util.Lazy.getNullable(Lazy.java:135)
	at org.springframework.data.util.Lazy.get(Lazy.java:113)
	at org.springframework.data.repository.core.support.RepositoryFactoryBeanSupport.afterPropertiesSet(RepositoryFactoryBeanSupport.java:292)
	at org.springframework.data.jpa.repository.support.JpaRepositoryFactoryBean.afterPropertiesSet(JpaRepositoryFactoryBean.java:132)
	at org.springframework.beans.factory.support.AbstractAutowireCapableBeanFactory.invokeInitMethods(AbstractAutowireCapableBeanFactory.java:1853)
	at org.springframework.beans.factory.support.AbstractAutowireCapableBeanFactory.initializeBean(AbstractAutowireCapableBeanFactory.java:1802)
	... 44 common frames omitted
2024-08-05 23:19:54 INFO  c.s.s.StudentCrudApplication - Starting StudentCrudApplication using Java 21.0.2 with PID 69121 (/Users/shantanumapari/Tutorials/Spring Tutorial/new-spring/student-crud/target/classes started by shantanumapari in /Users/shantanumapari/Tutorials/Spring Tutorial/new-spring/student-crud)
2024-08-05 23:19:54 DEBUG c.s.s.StudentCrudApplication - Running with Spring Boot v3.3.2, Spring v6.1.11
2024-08-05 23:19:54 INFO  c.s.s.StudentCrudApplication - No active profile set, falling back to 1 default profile: "default"
2024-08-05 23:19:54 INFO  o.a.coyote.http11.Http11NioProtocol - Initializing ProtocolHandler ["http-nio-8080"]
2024-08-05 23:19:54 INFO  o.a.catalina.core.StandardService - Starting service [Tomcat]
2024-08-05 23:19:54 INFO  o.a.catalina.core.StandardEngine - Starting Servlet engine: [Apache Tomcat/10.1.26]
2024-08-05 23:19:54 INFO  o.a.c.c.C.[Tomcat].[localhost].[/] - Initializing Spring embedded WebApplicationContext
2024-08-05 23:19:55 INFO  o.a.coyote.http11.Http11NioProtocol - Starting ProtocolHandler ["http-nio-8080"]
2024-08-05 23:19:55 INFO  c.s.s.StudentCrudApplication - Started StudentCrudApplication in 2.046 seconds (process running for 2.267)
2024-08-05 23:20:34 INFO  o.a.c.c.C.[Tomcat].[localhost].[/] - Initializing Spring DispatcherServlet 'dispatcherServlet'
