2024-07-29 09:52:50 INFO  c.s.s.StudentCrudApplication - Starting StudentCrudApplication using Java 21.0.2 with PID 36565 (/Users/shantanumapari/Tutorials/Spring Tutorial/new-spring/student-crud/target/classes started by shantanumapari in /Users/shantanumapari/Tutorials/Spring Tutorial/new-spring/student-crud)
2024-07-29 09:52:50 DEBUG c.s.s.StudentCrudApplication - Running with Spring Boot v3.3.2, Spring v6.1.11
2024-07-29 09:52:50 INFO  c.s.s.StudentCrudApplication - No active profile set, falling back to 1 default profile: "default"
2024-07-29 09:52:51 INFO  o.s.d.r.c.RepositoryConfigurationDelegate - Bootstrapping Spring Data JPA repositories in DEFAULT mode.
2024-07-29 09:52:51 INFO  o.s.d.r.c.RepositoryConfigurationDelegate - Finished Spring Data repository scanning in 16 ms. Found 1 JPA repository interface.
2024-07-29 09:52:51 INFO  o.s.b.w.e.tomcat.TomcatWebServer - Tomcat initialized with port 8080 (http)
2024-07-29 09:52:51 INFO  o.a.coyote.http11.Http11NioProtocol - Initializing ProtocolHandler ["http-nio-8080"]
2024-07-29 09:52:51 INFO  o.a.catalina.core.StandardService - Starting service [Tomcat]
2024-07-29 09:52:51 INFO  o.a.catalina.core.StandardEngine - Starting Servlet engine: [Apache Tomcat/10.1.26]
2024-07-29 09:52:51 INFO  o.a.c.c.C.[Tomcat].[localhost].[/] - Initializing Spring embedded WebApplicationContext
2024-07-29 09:52:51 INFO  o.s.b.w.s.c.ServletWebServerApplicationContext - Root WebApplicationContext: initialization completed in 516 ms
2024-07-29 09:52:51 INFO  o.h.jpa.internal.util.LogHelper - HHH000204: Processing PersistenceUnitInfo [name: default]
2024-07-29 09:52:51 INFO  org.hibernate.Version - HHH000412: Hibernate ORM core version 6.5.2.Final
2024-07-29 09:52:51 INFO  o.h.c.i.RegionFactoryInitiator - HHH000026: Second-level cache disabled
2024-07-29 09:52:51 INFO  o.s.o.j.p.SpringPersistenceUnitInfo - No LoadTimeWeaver setup: ignoring JPA class transformer
2024-07-29 09:52:51 INFO  com.zaxxer.hikari.HikariDataSource - HikariPool-1 - Starting...
2024-07-29 09:52:51 INFO  com.zaxxer.hikari.pool.HikariPool - HikariPool-1 - Added connection com.mysql.cj.jdbc.ConnectionImpl@491893f8
2024-07-29 09:52:51 INFO  com.zaxxer.hikari.HikariDataSource - HikariPool-1 - Start completed.
2024-07-29 09:52:52 INFO  o.h.e.t.j.p.i.JtaPlatformInitiator - HHH000489: No JTA platform available (set 'hibernate.transaction.jta.platform' to enable JTA platform integration)
2024-07-29 09:52:52 INFO  o.s.o.j.LocalContainerEntityManagerFactoryBean - Initialized JPA EntityManagerFactory for persistence unit 'default'
2024-07-29 09:52:52 WARN  o.s.b.a.o.j.JpaBaseConfiguration$JpaWebConfiguration - spring.jpa.open-in-view is enabled by default. Therefore, database queries may be performed during view rendering. Explicitly configure spring.jpa.open-in-view to disable this warning
2024-07-29 09:52:52 INFO  o.a.coyote.http11.Http11NioProtocol - Starting ProtocolHandler ["http-nio-8080"]
2024-07-29 09:52:52 INFO  o.s.b.w.e.tomcat.TomcatWebServer - Tomcat started on port 8080 (http) with context path '/'
2024-07-29 09:52:52 INFO  c.s.s.StudentCrudApplication - Started StudentCrudApplication in 1.867 seconds (process running for 2.145)
2024-07-29 09:53:34 INFO  o.a.c.c.C.[Tomcat].[localhost].[/] - Initializing Spring DispatcherServlet 'dispatcherServlet'
2024-07-29 09:53:34 INFO  o.s.web.servlet.DispatcherServlet - Initializing Servlet 'dispatcherServlet'
2024-07-29 09:53:34 INFO  o.s.web.servlet.DispatcherServlet - Completed initialization in 2 ms
2024-07-29 09:53:34 DEBUG c.s.s.service.StudentService - Fetching all students
2024-07-29 09:54:52 INFO  o.s.o.j.LocalContainerEntityManagerFactoryBean - Closing JPA EntityManagerFactory for persistence unit 'default'
2024-07-29 09:54:52 INFO  com.zaxxer.hikari.HikariDataSource - HikariPool-1 - Shutdown initiated...
2024-07-29 09:54:52 INFO  com.zaxxer.hikari.HikariDataSource - HikariPool-1 - Shutdown completed.
